07-Mar-2024 14:23:50.069 INFO [main] org.apache.catalina.startup.VersionLoggerListener.log Server version name:   Apache Tomcat/10.1.19
07-Mar-2024 14:23:50.070 INFO [main] org.apache.catalina.startup.VersionLoggerListener.log Server built:          Feb 14 2024 19:36:50 UTC
07-Mar-2024 14:23:50.070 INFO [main] org.apache.catalina.startup.VersionLoggerListener.log Server version number: 10.1.19.0
07-Mar-2024 14:23:50.071 INFO [main] org.apache.catalina.startup.VersionLoggerListener.log OS Name:               Linux
07-Mar-2024 14:23:50.071 INFO [main] org.apache.catalina.startup.VersionLoggerListener.log OS Version:            6.1.0-1034-oem
07-Mar-2024 14:23:50.071 INFO [main] org.apache.catalina.startup.VersionLoggerListener.log Architecture:          amd64
07-Mar-2024 14:23:50.071 INFO [main] org.apache.catalina.startup.VersionLoggerListener.log Java Home:             /usr/lib/jvm/java-18-openjdk-amd64
07-Mar-2024 14:23:50.071 INFO [main] org.apache.catalina.startup.VersionLoggerListener.log JVM Version:           18.0.2-ea+9-Ubuntu-222.04
07-Mar-2024 14:23:50.071 INFO [main] org.apache.catalina.startup.VersionLoggerListener.log JVM Vendor:            Private Build
07-Mar-2024 14:23:50.071 INFO [main] org.apache.catalina.startup.VersionLoggerListener.log CATALINA_BASE:         /home/pict/31352/apache-tomcat-10.1.19
07-Mar-2024 14:23:50.071 INFO [main] org.apache.catalina.startup.VersionLoggerListener.log CATALINA_HOME:         /home/pict/31352/apache-tomcat-10.1.19
07-Mar-2024 14:23:50.077 INFO [main] org.apache.catalina.startup.VersionLoggerListener.log Command line argument: -Djava.util.logging.config.file=/home/pict/31352/apache-tomcat-10.1.19/conf/logging.properties
07-Mar-2024 14:23:50.077 INFO [main] org.apache.catalina.startup.VersionLoggerListener.log Command line argument: -Djava.util.logging.manager=org.apache.juli.ClassLoaderLogManager
07-Mar-2024 14:23:50.077 INFO [main] org.apache.catalina.startup.VersionLoggerListener.log Command line argument: -Djdk.tls.ephemeralDHKeySize=2048
07-Mar-2024 14:23:50.077 INFO [main] org.apache.catalina.startup.VersionLoggerListener.log Command line argument: -Djava.protocol.handler.pkgs=org.apache.catalina.webresources
07-Mar-2024 14:23:50.078 INFO [main] org.apache.catalina.startup.VersionLoggerListener.log Command line argument: -Dorg.apache.catalina.security.SecurityListener.UMASK=0027
07-Mar-2024 14:23:50.078 INFO [main] org.apache.catalina.startup.VersionLoggerListener.log Command line argument: --add-opens=java.base/java.lang=ALL-UNNAMED
07-Mar-2024 14:23:50.078 INFO [main] org.apache.catalina.startup.VersionLoggerListener.log Command line argument: --add-opens=java.base/java.io=ALL-UNNAMED
07-Mar-2024 14:23:50.078 INFO [main] org.apache.catalina.startup.VersionLoggerListener.log Command line argument: --add-opens=java.base/java.util=ALL-UNNAMED
07-Mar-2024 14:23:50.078 INFO [main] org.apache.catalina.startup.VersionLoggerListener.log Command line argument: --add-opens=java.base/java.util.concurrent=ALL-UNNAMED
07-Mar-2024 14:23:50.078 INFO [main] org.apache.catalina.startup.VersionLoggerListener.log Command line argument: --add-opens=java.rmi/sun.rmi.transport=ALL-UNNAMED
07-Mar-2024 14:23:50.078 INFO [main] org.apache.catalina.startup.VersionLoggerListener.log Command line argument: -Dcatalina.base=/home/pict/31352/apache-tomcat-10.1.19
07-Mar-2024 14:23:50.078 INFO [main] org.apache.catalina.startup.VersionLoggerListener.log Command line argument: -Dcatalina.home=/home/pict/31352/apache-tomcat-10.1.19
07-Mar-2024 14:23:50.078 INFO [main] org.apache.catalina.startup.VersionLoggerListener.log Command line argument: -Djava.io.tmpdir=/home/pict/31352/apache-tomcat-10.1.19/temp
07-Mar-2024 14:23:50.078 INFO [main] org.apache.catalina.core.AprLifecycleListener.lifecycleEvent The Apache Tomcat Native library which allows using OpenSSL was not found on the java.library.path: [/usr/java/packages/lib:/usr/lib/x86_64-linux-gnu/jni:/lib/x86_64-linux-gnu:/usr/lib/x86_64-linux-gnu:/usr/lib/jni:/lib:/usr/lib]
07-Mar-2024 14:23:50.156 INFO [main] org.apache.coyote.AbstractProtocol.init Initializing ProtocolHandler ["http-nio-8080"]
07-Mar-2024 14:23:50.169 INFO [main] org.apache.catalina.startup.Catalina.load Server initialization in [171] milliseconds
07-Mar-2024 14:23:50.184 INFO [main] org.apache.catalina.core.StandardService.startInternal Starting service [Catalina]
07-Mar-2024 14:23:50.184 INFO [main] org.apache.catalina.core.StandardEngine.startInternal Starting Servlet engine: [Apache Tomcat/10.1.19]
07-Mar-2024 14:23:50.187 INFO [main] org.apache.catalina.startup.HostConfig.deployDirectory Deploying web application directory [/home/pict/31352/apache-tomcat-10.1.19/webapps/manager]
07-Mar-2024 14:23:50.278 INFO [main] org.apache.catalina.startup.HostConfig.deployDirectory Deployment of web application directory [/home/pict/31352/apache-tomcat-10.1.19/webapps/manager] has finished in [92] ms
07-Mar-2024 14:23:50.278 INFO [main] org.apache.catalina.startup.HostConfig.deployDirectory Deploying web application directory [/home/pict/31352/apache-tomcat-10.1.19/webapps/docs]
07-Mar-2024 14:23:50.284 INFO [main] org.apache.catalina.startup.HostConfig.deployDirectory Deployment of web application directory [/home/pict/31352/apache-tomcat-10.1.19/webapps/docs] has finished in [6] ms
07-Mar-2024 14:23:50.284 INFO [main] org.apache.catalina.startup.HostConfig.deployDirectory Deploying web application directory [/home/pict/31352/apache-tomcat-10.1.19/webapps/examples]
07-Mar-2024 14:23:50.355 INFO [main] org.apache.catalina.startup.HostConfig.deployDirectory Deployment of web application directory [/home/pict/31352/apache-tomcat-10.1.19/webapps/examples] has finished in [71] ms
07-Mar-2024 14:23:50.355 INFO [main] org.apache.catalina.startup.HostConfig.deployDirectory Deploying web application directory [/home/pict/31352/apache-tomcat-10.1.19/webapps/host-manager]
07-Mar-2024 14:23:50.361 INFO [main] org.apache.catalina.startup.HostConfig.deployDirectory Deployment of web application directory [/home/pict/31352/apache-tomcat-10.1.19/webapps/host-manager] has finished in [6] ms
07-Mar-2024 14:23:50.361 INFO [main] org.apache.catalina.startup.HostConfig.deployDirectory Deploying web application directory [/home/pict/31352/apache-tomcat-10.1.19/webapps/ROOT]
07-Mar-2024 14:23:50.365 INFO [main] org.apache.catalina.startup.HostConfig.deployDirectory Deployment of web application directory [/home/pict/31352/apache-tomcat-10.1.19/webapps/ROOT] has finished in [4] ms
07-Mar-2024 14:23:50.366 INFO [main] org.apache.coyote.AbstractProtocol.start Starting ProtocolHandler ["http-nio-8080"]
07-Mar-2024 14:23:50.370 INFO [main] org.apache.catalina.startup.Catalina.start Server startup in [201] milliseconds
07-Mar-2024 14:27:08.414 WARNING [main] org.apache.catalina.core.StandardServer.await Invalid shutdown command [GET / HTTP/1.1] received
07-Mar-2024 14:27:09.428 WARNING [main] org.apache.catalina.core.StandardServer.await Invalid shutdown command [GET / HTTP/1.1] received
07-Mar-2024 14:27:09.429 WARNING [main] org.apache.catalina.core.StandardServer.await Invalid shutdown command [GET / HTTP/1.1] received
07-Mar-2024 14:27:09.430 WARNING [main] org.apache.catalina.core.StandardServer.await Invalid shutdown command [GET / HTTP/1.1] received
07-Mar-2024 14:27:10.529 WARNING [main] org.apache.catalina.core.StandardServer.await Invalid shutdown command [GET / HTTP/1.1] received
07-Mar-2024 14:27:10.530 WARNING [main] org.apache.catalina.core.StandardServer.await Invalid shutdown command [GET / HTTP/1.1] received
07-Mar-2024 14:27:11.040 WARNING [main] org.apache.catalina.core.StandardServer.await Invalid shutdown command [GET / HTTP/1.1] received
07-Mar-2024 14:27:11.040 WARNING [main] org.apache.catalina.core.StandardServer.await Invalid shutdown command [GET / HTTP/1.1] received
07-Mar-2024 14:27:11.224 WARNING [main] org.apache.catalina.core.StandardServer.await Invalid shutdown command [GET / HTTP/1.1] received
07-Mar-2024 14:27:11.225 WARNING [main] org.apache.catalina.core.StandardServer.await Invalid shutdown command [GET / HTTP/1.1] received
07-Mar-2024 14:27:11.225 WARNING [main] org.apache.catalina.core.StandardServer.await Invalid shutdown command [GET / HTTP/1.1] received
07-Mar-2024 14:27:11.456 WARNING [main] org.apache.catalina.core.StandardServer.await Invalid shutdown command [GET / HTTP/1.1] received
07-Mar-2024 14:27:11.457 WARNING [main] org.apache.catalina.core.StandardServer.await Invalid shutdown command [GET / HTTP/1.1] received
07-Mar-2024 14:27:11.458 WARNING [main] org.apache.catalina.core.StandardServer.await Invalid shutdown command [GET / HTTP/1.1] received
07-Mar-2024 14:27:11.624 WARNING [main] org.apache.catalina.core.StandardServer.await Invalid shutdown command [GET / HTTP/1.1] received
07-Mar-2024 14:27:11.625 WARNING [main] org.apache.catalina.core.StandardServer.await Invalid shutdown command [GET / HTTP/1.1] received
07-Mar-2024 14:27:11.626 WARNING [main] org.apache.catalina.core.StandardServer.await Invalid shutdown command [GET / HTTP/1.1] received
07-Mar-2024 14:27:11.777 WARNING [main] org.apache.catalina.core.StandardServer.await Invalid shutdown command [GET / HTTP/1.1] received
07-Mar-2024 14:27:11.778 WARNING [main] org.apache.catalina.core.StandardServer.await Invalid shutdown command [GET / HTTP/1.1] received
07-Mar-2024 14:27:11.778 WARNING [main] org.apache.catalina.core.StandardServer.await Invalid shutdown command [GET / HTTP/1.1] received
07-Mar-2024 14:27:11.921 WARNING [main] org.apache.catalina.core.StandardServer.await Invalid shutdown command [GET / HTTP/1.1] received
07-Mar-2024 14:27:11.921 WARNING [main] org.apache.catalina.core.StandardServer.await Invalid shutdown command [GET / HTTP/1.1] received
07-Mar-2024 14:27:11.922 WARNING [main] org.apache.catalina.core.StandardServer.await Invalid shutdown command [GET / HTTP/1.1] received
07-Mar-2024 14:27:21.930 WARNING [main] org.apache.catalina.core.StandardServer.await An IO exception occurred trying to read the shutdown command
	java.net.SocketTimeoutException: Read timed out
		at java.base/sun.nio.ch.NioSocketImpl.timedRead(NioSocketImpl.java:280)
		at java.base/sun.nio.ch.NioSocketImpl.implRead(NioSocketImpl.java:306)
		at java.base/sun.nio.ch.NioSocketImpl.read(NioSocketImpl.java:347)
		at java.base/sun.nio.ch.NioSocketImpl$1.read(NioSocketImpl.java:800)
		at java.base/java.net.Socket$SocketInputStream.read(Socket.java:966)
		at java.base/java.net.Socket$SocketInputStream.read(Socket.java:961)
		at org.apache.catalina.core.StandardServer.await(StandardServer.java:633)
		at org.apache.catalina.startup.Catalina.await(Catalina.java:847)
		at org.apache.catalina.startup.Catalina.start(Catalina.java:795)
		at java.base/jdk.internal.reflect.DirectMethodHandleAccessor.invoke(DirectMethodHandleAccessor.java:104)
		at java.base/java.lang.reflect.Method.invoke(Method.java:577)
		at org.apache.catalina.startup.Bootstrap.start(Bootstrap.java:345)
		at org.apache.catalina.startup.Bootstrap.main(Bootstrap.java:476)
07-Mar-2024 14:27:21.931 WARNING [main] org.apache.catalina.core.StandardServer.await Invalid shutdown command [] received
07-Mar-2024 14:27:31.937 WARNING [main] org.apache.catalina.core.StandardServer.await An IO exception occurred trying to read the shutdown command
	java.net.SocketTimeoutException: Read timed out
		at java.base/sun.nio.ch.NioSocketImpl.timedRead(NioSocketImpl.java:280)
		at java.base/sun.nio.ch.NioSocketImpl.implRead(NioSocketImpl.java:306)
		at java.base/sun.nio.ch.NioSocketImpl.read(NioSocketImpl.java:347)
		at java.base/sun.nio.ch.NioSocketImpl$1.read(NioSocketImpl.java:800)
		at java.base/java.net.Socket$SocketInputStream.read(Socket.java:966)
		at java.base/java.net.Socket$SocketInputStream.read(Socket.java:961)
		at org.apache.catalina.core.StandardServer.await(StandardServer.java:633)
		at org.apache.catalina.startup.Catalina.await(Catalina.java:847)
		at org.apache.catalina.startup.Catalina.start(Catalina.java:795)
		at java.base/jdk.internal.reflect.DirectMethodHandleAccessor.invoke(DirectMethodHandleAccessor.java:104)
		at java.base/java.lang.reflect.Method.invoke(Method.java:577)
		at org.apache.catalina.startup.Bootstrap.start(Bootstrap.java:345)
		at org.apache.catalina.startup.Bootstrap.main(Bootstrap.java:476)
07-Mar-2024 14:27:31.939 WARNING [main] org.apache.catalina.core.StandardServer.await Invalid shutdown command [] received
07-Mar-2024 14:27:46.950 INFO [main] org.apache.catalina.core.StandardServer.await A valid shutdown command was received via the shutdown port. Stopping the Server instance.
07-Mar-2024 14:27:46.950 INFO [main] org.apache.coyote.AbstractProtocol.pause Pausing ProtocolHandler ["http-nio-8080"]
07-Mar-2024 14:27:46.952 INFO [main] org.apache.catalina.core.StandardService.stopInternal Stopping service [Catalina]
07-Mar-2024 14:27:46.964 INFO [main] org.apache.coyote.AbstractProtocol.stop Stopping ProtocolHandler ["http-nio-8080"]
07-Mar-2024 14:27:46.975 INFO [main] org.apache.coyote.AbstractProtocol.destroy Destroying ProtocolHandler ["http-nio-8080"]
07-Mar-2024 14:27:56.737 INFO [main] org.apache.catalina.startup.VersionLoggerListener.log Server version name:   Apache Tomcat/10.1.19
07-Mar-2024 14:27:56.739 INFO [main] org.apache.catalina.startup.VersionLoggerListener.log Server built:          Feb 14 2024 19:36:50 UTC
07-Mar-2024 14:27:56.739 INFO [main] org.apache.catalina.startup.VersionLoggerListener.log Server version number: 10.1.19.0
07-Mar-2024 14:27:56.739 INFO [main] org.apache.catalina.startup.VersionLoggerListener.log OS Name:               Linux
07-Mar-2024 14:27:56.739 INFO [main] org.apache.catalina.startup.VersionLoggerListener.log OS Version:            6.1.0-1034-oem
07-Mar-2024 14:27:56.739 INFO [main] org.apache.catalina.startup.VersionLoggerListener.log Architecture:          amd64
07-Mar-2024 14:27:56.739 INFO [main] org.apache.catalina.startup.VersionLoggerListener.log Java Home:             /usr/lib/jvm/java-18-openjdk-amd64
07-Mar-2024 14:27:56.739 INFO [main] org.apache.catalina.startup.VersionLoggerListener.log JVM Version:           18.0.2-ea+9-Ubuntu-222.04
07-Mar-2024 14:27:56.739 INFO [main] org.apache.catalina.startup.VersionLoggerListener.log JVM Vendor:            Private Build
07-Mar-2024 14:27:56.739 INFO [main] org.apache.catalina.startup.VersionLoggerListener.log CATALINA_BASE:         /home/pict/31352/apache-tomcat-10.1.19
07-Mar-2024 14:27:56.739 INFO [main] org.apache.catalina.startup.VersionLoggerListener.log CATALINA_HOME:         /home/pict/31352/apache-tomcat-10.1.19
07-Mar-2024 14:27:56.742 INFO [main] org.apache.catalina.startup.VersionLoggerListener.log Command line argument: -Djava.util.logging.config.file=/home/pict/31352/apache-tomcat-10.1.19/conf/logging.properties
07-Mar-2024 14:27:56.742 INFO [main] org.apache.catalina.startup.VersionLoggerListener.log Command line argument: -Djava.util.logging.manager=org.apache.juli.ClassLoaderLogManager
07-Mar-2024 14:27:56.742 INFO [main] org.apache.catalina.startup.VersionLoggerListener.log Command line argument: -Djdk.tls.ephemeralDHKeySize=2048
07-Mar-2024 14:27:56.742 INFO [main] org.apache.catalina.startup.VersionLoggerListener.log Command line argument: -Djava.protocol.handler.pkgs=org.apache.catalina.webresources
07-Mar-2024 14:27:56.742 INFO [main] org.apache.catalina.startup.VersionLoggerListener.log Command line argument: -Dorg.apache.catalina.security.SecurityListener.UMASK=0027
07-Mar-2024 14:27:56.742 INFO [main] org.apache.catalina.startup.VersionLoggerListener.log Command line argument: --add-opens=java.base/java.lang=ALL-UNNAMED
07-Mar-2024 14:27:56.742 INFO [main] org.apache.catalina.startup.VersionLoggerListener.log Command line argument: --add-opens=java.base/java.io=ALL-UNNAMED
07-Mar-2024 14:27:56.742 INFO [main] org.apache.catalina.startup.VersionLoggerListener.log Command line argument: --add-opens=java.base/java.util=ALL-UNNAMED
07-Mar-2024 14:27:56.742 INFO [main] org.apache.catalina.startup.VersionLoggerListener.log Command line argument: --add-opens=java.base/java.util.concurrent=ALL-UNNAMED
07-Mar-2024 14:27:56.742 INFO [main] org.apache.catalina.startup.VersionLoggerListener.log Command line argument: --add-opens=java.rmi/sun.rmi.transport=ALL-UNNAMED
07-Mar-2024 14:27:56.742 INFO [main] org.apache.catalina.startup.VersionLoggerListener.log Command line argument: -Dcatalina.base=/home/pict/31352/apache-tomcat-10.1.19
07-Mar-2024 14:27:56.742 INFO [main] org.apache.catalina.startup.VersionLoggerListener.log Command line argument: -Dcatalina.home=/home/pict/31352/apache-tomcat-10.1.19
07-Mar-2024 14:27:56.742 INFO [main] org.apache.catalina.startup.VersionLoggerListener.log Command line argument: -Djava.io.tmpdir=/home/pict/31352/apache-tomcat-10.1.19/temp
07-Mar-2024 14:27:56.743 INFO [main] org.apache.catalina.core.AprLifecycleListener.lifecycleEvent The Apache Tomcat Native library which allows using OpenSSL was not found on the java.library.path: [/usr/java/packages/lib:/usr/lib/x86_64-linux-gnu/jni:/lib/x86_64-linux-gnu:/usr/lib/x86_64-linux-gnu:/usr/lib/jni:/lib:/usr/lib]
07-Mar-2024 14:27:56.817 INFO [main] org.apache.coyote.AbstractProtocol.init Initializing ProtocolHandler ["http-nio-8080"]
07-Mar-2024 14:27:56.827 INFO [main] org.apache.catalina.startup.Catalina.load Server initialization in [144] milliseconds
07-Mar-2024 14:27:56.838 INFO [main] org.apache.catalina.core.StandardService.startInternal Starting service [Catalina]
07-Mar-2024 14:27:56.839 INFO [main] org.apache.catalina.core.StandardEngine.startInternal Starting Servlet engine: [Apache Tomcat/10.1.19]
07-Mar-2024 14:27:56.841 INFO [main] org.apache.catalina.startup.HostConfig.deployDirectory Deploying web application directory [/home/pict/31352/apache-tomcat-10.1.19/webapps/manager]
07-Mar-2024 14:27:56.924 INFO [main] org.apache.catalina.startup.HostConfig.deployDirectory Deployment of web application directory [/home/pict/31352/apache-tomcat-10.1.19/webapps/manager] has finished in [83] ms
07-Mar-2024 14:27:56.924 INFO [main] org.apache.catalina.startup.HostConfig.deployDirectory Deploying web application directory [/home/pict/31352/apache-tomcat-10.1.19/webapps/docs]
07-Mar-2024 14:27:56.930 INFO [main] org.apache.catalina.startup.HostConfig.deployDirectory Deployment of web application directory [/home/pict/31352/apache-tomcat-10.1.19/webapps/docs] has finished in [6] ms
07-Mar-2024 14:27:56.930 INFO [main] org.apache.catalina.startup.HostConfig.deployDirectory Deploying web application directory [/home/pict/31352/apache-tomcat-10.1.19/webapps/examples]
07-Mar-2024 14:27:56.986 INFO [main] org.apache.catalina.startup.HostConfig.deployDirectory Deployment of web application directory [/home/pict/31352/apache-tomcat-10.1.19/webapps/examples] has finished in [56] ms
07-Mar-2024 14:27:56.986 INFO [main] org.apache.catalina.startup.HostConfig.deployDirectory Deploying web application directory [/home/pict/31352/apache-tomcat-10.1.19/webapps/host-manager]
07-Mar-2024 14:27:56.997 INFO [main] org.apache.catalina.startup.HostConfig.deployDirectory Deployment of web application directory [/home/pict/31352/apache-tomcat-10.1.19/webapps/host-manager] has finished in [11] ms
07-Mar-2024 14:27:56.997 INFO [main] org.apache.catalina.startup.HostConfig.deployDirectory Deploying web application directory [/home/pict/31352/apache-tomcat-10.1.19/webapps/ROOT]
07-Mar-2024 14:27:57.002 INFO [main] org.apache.catalina.startup.HostConfig.deployDirectory Deployment of web application directory [/home/pict/31352/apache-tomcat-10.1.19/webapps/ROOT] has finished in [5] ms
07-Mar-2024 14:27:57.003 INFO [main] org.apache.coyote.AbstractProtocol.start Starting ProtocolHandler ["http-nio-8080"]
07-Mar-2024 14:27:57.007 INFO [main] org.apache.catalina.startup.Catalina.start Server startup in [179] milliseconds
07-Mar-2024 14:28:01.619 WARNING [main] org.apache.catalina.core.StandardServer.await Invalid shutdown command [GET / HTTP/1.1] received
07-Mar-2024 14:28:02.129 WARNING [main] org.apache.catalina.core.StandardServer.await Invalid shutdown command [GET / HTTP/1.1] received
07-Mar-2024 14:28:02.129 WARNING [main] org.apache.catalina.core.StandardServer.await Invalid shutdown command [GET / HTTP/1.1] received
07-Mar-2024 14:28:02.409 WARNING [main] org.apache.catalina.core.StandardServer.await Invalid shutdown command [GET / HTTP/1.1] received
07-Mar-2024 14:28:02.409 WARNING [main] org.apache.catalina.core.StandardServer.await Invalid shutdown command [GET / HTTP/1.1] received
07-Mar-2024 14:28:02.632 WARNING [main] org.apache.catalina.core.StandardServer.await Invalid shutdown command [GET / HTTP/1.1] received
07-Mar-2024 14:28:02.633 WARNING [main] org.apache.catalina.core.StandardServer.await Invalid shutdown command [GET / HTTP/1.1] received
07-Mar-2024 14:28:02.634 WARNING [main] org.apache.catalina.core.StandardServer.await Invalid shutdown command [GET / HTTP/1.1] received
07-Mar-2024 14:28:02.784 WARNING [main] org.apache.catalina.core.StandardServer.await Invalid shutdown command [GET / HTTP/1.1] received
07-Mar-2024 14:28:02.785 WARNING [main] org.apache.catalina.core.StandardServer.await Invalid shutdown command [GET / HTTP/1.1] received
07-Mar-2024 14:28:02.944 WARNING [main] org.apache.catalina.core.StandardServer.await Invalid shutdown command [GET / HTTP/1.1] received
07-Mar-2024 14:28:02.945 WARNING [main] org.apache.catalina.core.StandardServer.await Invalid shutdown command [GET / HTTP/1.1] received
07-Mar-2024 14:28:02.946 WARNING [main] org.apache.catalina.core.StandardServer.await Invalid shutdown command [GET / HTTP/1.1] received
07-Mar-2024 14:28:12.954 WARNING [main] org.apache.catalina.core.StandardServer.await An IO exception occurred trying to read the shutdown command
	java.net.SocketTimeoutException: Read timed out
		at java.base/sun.nio.ch.NioSocketImpl.timedRead(NioSocketImpl.java:280)
		at java.base/sun.nio.ch.NioSocketImpl.implRead(NioSocketImpl.java:306)
		at java.base/sun.nio.ch.NioSocketImpl.read(NioSocketImpl.java:347)
		at java.base/sun.nio.ch.NioSocketImpl$1.read(NioSocketImpl.java:800)
		at java.base/java.net.Socket$SocketInputStream.read(Socket.java:966)
		at java.base/java.net.Socket$SocketInputStream.read(Socket.java:961)
		at org.apache.catalina.core.StandardServer.await(StandardServer.java:633)
		at org.apache.catalina.startup.Catalina.await(Catalina.java:847)
		at org.apache.catalina.startup.Catalina.start(Catalina.java:795)
		at java.base/jdk.internal.reflect.DirectMethodHandleAccessor.invoke(DirectMethodHandleAccessor.java:104)
		at java.base/java.lang.reflect.Method.invoke(Method.java:577)
		at org.apache.catalina.startup.Bootstrap.start(Bootstrap.java:345)
		at org.apache.catalina.startup.Bootstrap.main(Bootstrap.java:476)
07-Mar-2024 14:28:12.955 WARNING [main] org.apache.catalina.core.StandardServer.await Invalid shutdown command [] received
07-Mar-2024 14:28:43.104 INFO [main] org.apache.catalina.core.StandardServer.await A valid shutdown command was received via the shutdown port. Stopping the Server instance.
07-Mar-2024 14:28:43.104 INFO [main] org.apache.coyote.AbstractProtocol.pause Pausing ProtocolHandler ["http-nio-8080"]
07-Mar-2024 14:28:43.106 INFO [main] org.apache.catalina.core.StandardService.stopInternal Stopping service [Catalina]
07-Mar-2024 14:28:43.113 INFO [main] org.apache.coyote.AbstractProtocol.stop Stopping ProtocolHandler ["http-nio-8080"]
07-Mar-2024 14:28:43.115 INFO [main] org.apache.coyote.AbstractProtocol.destroy Destroying ProtocolHandler ["http-nio-8080"]
07-Mar-2024 14:28:44.684 INFO [main] org.apache.catalina.startup.VersionLoggerListener.log Server version name:   Apache Tomcat/10.1.19
07-Mar-2024 14:28:44.686 INFO [main] org.apache.catalina.startup.VersionLoggerListener.log Server built:          Feb 14 2024 19:36:50 UTC
07-Mar-2024 14:28:44.686 INFO [main] org.apache.catalina.startup.VersionLoggerListener.log Server version number: 10.1.19.0
07-Mar-2024 14:28:44.686 INFO [main] org.apache.catalina.startup.VersionLoggerListener.log OS Name:               Linux
07-Mar-2024 14:28:44.686 INFO [main] org.apache.catalina.startup.VersionLoggerListener.log OS Version:            6.1.0-1034-oem
07-Mar-2024 14:28:44.686 INFO [main] org.apache.catalina.startup.VersionLoggerListener.log Architecture:          amd64
07-Mar-2024 14:28:44.686 INFO [main] org.apache.catalina.startup.VersionLoggerListener.log Java Home:             /usr/lib/jvm/java-18-openjdk-amd64
07-Mar-2024 14:28:44.686 INFO [main] org.apache.catalina.startup.VersionLoggerListener.log JVM Version:           18.0.2-ea+9-Ubuntu-222.04
07-Mar-2024 14:28:44.686 INFO [main] org.apache.catalina.startup.VersionLoggerListener.log JVM Vendor:            Private Build
07-Mar-2024 14:28:44.686 INFO [main] org.apache.catalina.startup.VersionLoggerListener.log CATALINA_BASE:         /home/pict/31352/apache-tomcat-10.1.19
07-Mar-2024 14:28:44.686 INFO [main] org.apache.catalina.startup.VersionLoggerListener.log CATALINA_HOME:         /home/pict/31352/apache-tomcat-10.1.19
07-Mar-2024 14:28:44.689 INFO [main] org.apache.catalina.startup.VersionLoggerListener.log Command line argument: -Djava.util.logging.config.file=/home/pict/31352/apache-tomcat-10.1.19/conf/logging.properties
07-Mar-2024 14:28:44.689 INFO [main] org.apache.catalina.startup.VersionLoggerListener.log Command line argument: -Djava.util.logging.manager=org.apache.juli.ClassLoaderLogManager
07-Mar-2024 14:28:44.689 INFO [main] org.apache.catalina.startup.VersionLoggerListener.log Command line argument: -Djdk.tls.ephemeralDHKeySize=2048
07-Mar-2024 14:28:44.689 INFO [main] org.apache.catalina.startup.VersionLoggerListener.log Command line argument: -Djava.protocol.handler.pkgs=org.apache.catalina.webresources
07-Mar-2024 14:28:44.689 INFO [main] org.apache.catalina.startup.VersionLoggerListener.log Command line argument: -Dorg.apache.catalina.security.SecurityListener.UMASK=0027
07-Mar-2024 14:28:44.689 INFO [main] org.apache.catalina.startup.VersionLoggerListener.log Command line argument: --add-opens=java.base/java.lang=ALL-UNNAMED
07-Mar-2024 14:28:44.689 INFO [main] org.apache.catalina.startup.VersionLoggerListener.log Command line argument: --add-opens=java.base/java.io=ALL-UNNAMED
07-Mar-2024 14:28:44.689 INFO [main] org.apache.catalina.startup.VersionLoggerListener.log Command line argument: --add-opens=java.base/java.util=ALL-UNNAMED
07-Mar-2024 14:28:44.689 INFO [main] org.apache.catalina.startup.VersionLoggerListener.log Command line argument: --add-opens=java.base/java.util.concurrent=ALL-UNNAMED
07-Mar-2024 14:28:44.689 INFO [main] org.apache.catalina.startup.VersionLoggerListener.log Command line argument: --add-opens=java.rmi/sun.rmi.transport=ALL-UNNAMED
07-Mar-2024 14:28:44.689 INFO [main] org.apache.catalina.startup.VersionLoggerListener.log Command line argument: -Dcatalina.base=/home/pict/31352/apache-tomcat-10.1.19
07-Mar-2024 14:28:44.689 INFO [main] org.apache.catalina.startup.VersionLoggerListener.log Command line argument: -Dcatalina.home=/home/pict/31352/apache-tomcat-10.1.19
07-Mar-2024 14:28:44.689 INFO [main] org.apache.catalina.startup.VersionLoggerListener.log Command line argument: -Djava.io.tmpdir=/home/pict/31352/apache-tomcat-10.1.19/temp
07-Mar-2024 14:28:44.689 INFO [main] org.apache.catalina.core.AprLifecycleListener.lifecycleEvent The Apache Tomcat Native library which allows using OpenSSL was not found on the java.library.path: [/usr/java/packages/lib:/usr/lib/x86_64-linux-gnu/jni:/lib/x86_64-linux-gnu:/usr/lib/x86_64-linux-gnu:/usr/lib/jni:/lib:/usr/lib]
07-Mar-2024 14:28:44.763 INFO [main] org.apache.coyote.AbstractProtocol.init Initializing ProtocolHandler ["http-nio-8081"]
07-Mar-2024 14:28:44.773 INFO [main] org.apache.catalina.startup.Catalina.load Server initialization in [143] milliseconds
07-Mar-2024 14:28:44.785 INFO [main] org.apache.catalina.core.StandardService.startInternal Starting service [Catalina]
07-Mar-2024 14:28:44.785 INFO [main] org.apache.catalina.core.StandardEngine.startInternal Starting Servlet engine: [Apache Tomcat/10.1.19]
07-Mar-2024 14:28:44.787 INFO [main] org.apache.catalina.startup.HostConfig.deployDirectory Deploying web application directory [/home/pict/31352/apache-tomcat-10.1.19/webapps/manager]
07-Mar-2024 14:28:44.871 INFO [main] org.apache.catalina.startup.HostConfig.deployDirectory Deployment of web application directory [/home/pict/31352/apache-tomcat-10.1.19/webapps/manager] has finished in [84] ms
07-Mar-2024 14:28:44.871 INFO [main] org.apache.catalina.startup.HostConfig.deployDirectory Deploying web application directory [/home/pict/31352/apache-tomcat-10.1.19/webapps/docs]
07-Mar-2024 14:28:44.876 INFO [main] org.apache.catalina.startup.HostConfig.deployDirectory Deployment of web application directory [/home/pict/31352/apache-tomcat-10.1.19/webapps/docs] has finished in [5] ms
07-Mar-2024 14:28:44.877 INFO [main] org.apache.catalina.startup.HostConfig.deployDirectory Deploying web application directory [/home/pict/31352/apache-tomcat-10.1.19/webapps/examples]
07-Mar-2024 14:28:44.933 INFO [main] org.apache.catalina.startup.HostConfig.deployDirectory Deployment of web application directory [/home/pict/31352/apache-tomcat-10.1.19/webapps/examples] has finished in [56] ms
07-Mar-2024 14:28:44.933 INFO [main] org.apache.catalina.startup.HostConfig.deployDirectory Deploying web application directory [/home/pict/31352/apache-tomcat-10.1.19/webapps/host-manager]
07-Mar-2024 14:28:44.945 INFO [main] org.apache.catalina.startup.HostConfig.deployDirectory Deployment of web application directory [/home/pict/31352/apache-tomcat-10.1.19/webapps/host-manager] has finished in [12] ms
07-Mar-2024 14:28:44.945 INFO [main] org.apache.catalina.startup.HostConfig.deployDirectory Deploying web application directory [/home/pict/31352/apache-tomcat-10.1.19/webapps/ROOT]
07-Mar-2024 14:28:44.949 INFO [main] org.apache.catalina.startup.HostConfig.deployDirectory Deployment of web application directory [/home/pict/31352/apache-tomcat-10.1.19/webapps/ROOT] has finished in [4] ms
07-Mar-2024 14:28:44.950 INFO [main] org.apache.coyote.AbstractProtocol.start Starting ProtocolHandler ["http-nio-8081"]
07-Mar-2024 14:28:44.954 INFO [main] org.apache.catalina.startup.Catalina.start Server startup in [180] milliseconds
07-Mar-2024 14:31:28.298 INFO [main] org.apache.catalina.core.StandardServer.await A valid shutdown command was received via the shutdown port. Stopping the Server instance.
07-Mar-2024 14:31:28.299 INFO [main] org.apache.coyote.AbstractProtocol.pause Pausing ProtocolHandler ["http-nio-8081"]
07-Mar-2024 14:31:28.300 INFO [main] org.apache.catalina.core.StandardService.stopInternal Stopping service [Catalina]
07-Mar-2024 14:31:28.308 INFO [main] org.apache.coyote.AbstractProtocol.stop Stopping ProtocolHandler ["http-nio-8081"]
07-Mar-2024 14:31:28.310 INFO [main] org.apache.coyote.AbstractProtocol.destroy Destroying ProtocolHandler ["http-nio-8081"]
